<?xml version="1.0" encoding="UTF-8"?>
<testng-results skipped="0" failed="0" ignored="0" total="2" passed="2">
  <reporter-output>
  </reporter-output>
  <suite name="Suite" duration-ms="31365" started-at="2021-03-17T14:52:41 CDT" finished-at="2021-03-17T14:53:13 CDT">
    <groups>
    </groups>
    <test name="Test" duration-ms="31365" started-at="2021-03-17T14:52:41 CDT" finished-at="2021-03-17T14:53:13 CDT">
      <class name="Automation.Test3">
        <test-method status="PASS" signature="SetUpTest()[pri:0, instance:Automation.Test3@530612ba]" name="SetUpTest" is-config="true" duration-ms="1449" started-at="2021-03-17T14:52:44 CDT" finished-at="2021-03-17T14:52:46 CDT">
          <reporter-output>
          </reporter-output>
        </test-method> <!-- SetUpTest -->
        <test-method status="PASS" signature="BeginTest()[pri:0, instance:Automation.Test3@530612ba]" name="BeginTest" duration-ms="6657" started-at="2021-03-17T14:52:49 CDT" finished-at="2021-03-17T14:52:55 CDT">
          <reporter-output>
          </reporter-output>
        </test-method> <!-- BeginTest -->
        <test-method status="PASS" signature="AfterTest()[pri:0, instance:Automation.Test3@530612ba]" name="AfterTest" is-config="true" duration-ms="8730" started-at="2021-03-17T14:53:04 CDT" finished-at="2021-03-17T14:53:13 CDT">
          <reporter-output>
          </reporter-output>
        </test-method> <!-- AfterTest -->
      </class> <!-- Automation.Test3 -->
      <class name="Automation.Test1">
        <test-method status="PASS" signature="SetUpTest()[pri:0, instance:Automation.Test1@17695df3]" name="SetUpTest" is-config="true" duration-ms="2669" started-at="2021-03-17T14:52:41 CDT" finished-at="2021-03-17T14:52:44 CDT">
          <reporter-output>
          </reporter-output>
        </test-method> <!-- SetUpTest -->
        <test-method status="PASS" signature="Test()[pri:0, instance:Automation.Test1@17695df3]" name="Test" duration-ms="3142" started-at="2021-03-17T14:52:46 CDT" finished-at="2021-03-17T14:52:49 CDT">
          <reporter-output>
          </reporter-output>
        </test-method> <!-- Test -->
        <test-method status="PASS" signature="afterTest()[pri:0, instance:Automation.Test1@17695df3]" name="afterTest" is-config="true" duration-ms="8675" started-at="2021-03-17T14:52:55 CDT" finished-at="2021-03-17T14:53:04 CDT">
          <reporter-output>
          </reporter-output>
        </test-method> <!-- afterTest -->
      </class> <!-- Automation.Test1 -->
    </test> <!-- Test -->
  </suite> <!-- Suite -->
</testng-results>
